TN:
SF:script/DeployDSC.s.sol
DA:13,6
FN:13,DeployDSC.run
FNDA:6,DeployDSC.run
DA:14,6
DA:15,6
DA:16,6
DA:17,6
DA:19,6
DA:20,6
DA:22,6
DA:23,6
DA:24,6
DA:25,6
DA:26,6
DA:28,6
FNF:1
FNH:1
LF:13
LH:13
BRF:0
BRH:0
end_of_record
TN:
SF:script/HelperConfig.s.sol
DA:24,6
FN:24,HelperConfig.constructor
FNDA:6,HelperConfig.constructor
DA:25,6
BRDA:25,0,0,-
BRDA:25,0,1,6
DA:26,0
DA:28,6
DA:32,0
FN:32,HelperConfig.getSepoliaEthConfig
FNDA:0,HelperConfig.getSepoliaEthConfig
DA:33,0
DA:42,6
FN:42,HelperConfig.getOrCreateAnvilEthConfig
FNDA:6,HelperConfig.getOrCreateAnvilEthConfig
DA:43,6
BRDA:43,1,0,-
DA:44,0
DA:48,6
DA:49,6
DA:51,6
DA:52,6
DA:55,6
FNF:3
FNH:2
LF:14
LH:10
BRF:3
BRH:1
end_of_record
TN:
SF:src/DSCEngine.sol
DA:95,0
FN:95,DSCEngine.moreThanZero
FNDA:0,DSCEngine.moreThanZero
DA:96,0
BRDA:96,0,0,-
DA:97,0
DA:102,2
FN:102,DSCEngine.isAllowedToken
FNDA:2,DSCEngine.isAllowedToken
DA:103,2
BRDA:103,1,0,1
DA:104,1
DA:112,7
FN:112,DSCEngine.constructor
FNDA:7,DSCEngine.constructor
DA:117,7
BRDA:117,2,0,1
DA:118,1
DA:121,6
DA:122,12
DA:123,12
DA:125,6
DA:137,0
FN:137,DSCEngine.depositCollateralAndMintDsc
FNDA:0,DSCEngine.depositCollateralAndMintDsc
DA:138,0
DA:139,0
DA:144,3
FN:144,DSCEngine.depositCollateral
FNDA:3,DSCEngine.depositCollateral
DA:148,1
DA:149,1
DA:151,1
DA:153,1
BRDA:153,3,0,-
DA:154,0
DA:164,0
FN:164,DSCEngine.redeemCollateralForDsc
FNDA:0,DSCEngine.redeemCollateralForDsc
DA:165,0
DA:166,0
DA:169,0
FN:169,DSCEngine.redeemCollateral
FNDA:0,DSCEngine.redeemCollateral
DA:170,0
DA:172,0
DA:178,0
FN:178,DSCEngine.mintDsc
FNDA:0,DSCEngine.mintDsc
DA:179,0
DA:181,0
DA:183,0
DA:184,0
BRDA:184,4,0,-
DA:185,0
DA:189,0
FN:189,DSCEngine.burnDsc
FNDA:0,DSCEngine.burnDsc
DA:190,0
DA:191,0
DA:208,0
FN:208,DSCEngine.liquidate
FNDA:0,DSCEngine.liquidate
DA:209,0
DA:210,0
BRDA:210,5,0,-
DA:211,0
DA:213,0
DA:214,0
DA:215,0
DA:217,0
DA:219,0
DA:221,0
DA:222,0
BRDA:222,6,0,-
DA:223,0
DA:226,0
DA:229,0
FN:229,DSCEngine.getHealthFactor
FNDA:0,DSCEngine.getHealthFactor
DA:236,1
FN:236,DSCEngine._getAccountInformation
FNDA:1,DSCEngine._getAccountInformation
DA:237,1
DA:238,1
DA:243,0
FN:243,DSCEngine._healthFactor
FNDA:0,DSCEngine._healthFactor
DA:246,0
DA:248,0
DA:250,0
DA:253,0
FN:253,DSCEngine._revertIfHealthFactorIsBroken
FNDA:0,DSCEngine._revertIfHealthFactorIsBroken
DA:256,0
DA:257,0
BRDA:257,7,0,-
DA:258,0
DA:262,0
FN:262,DSCEngine._redeemCollateral
FNDA:0,DSCEngine._redeemCollateral
DA:263,0
DA:264,0
DA:266,0
DA:267,0
BRDA:267,8,0,-
DA:268,0
DA:272,0
FN:272,DSCEngine._burnDsc
FNDA:0,DSCEngine._burnDsc
DA:273,0
DA:275,0
DA:277,0
BRDA:277,9,0,-
DA:278,0
DA:280,0
DA:286,0
FN:286,DSCEngine.getAccountCollateralValue
FNDA:0,DSCEngine.getAccountCollateralValue
DA:289,1
DA:290,2
DA:291,2
DA:292,2
DA:293,2
DA:294,2
DA:298,1
FN:298,DSCEngine.getUsdValue
FNDA:1,DSCEngine.getUsdValue
DA:299,3
DA:300,3
DA:301,3
DA:304,3
DA:307,2
FN:307,DSCEngine.getTokenAmountFromUsd
FNDA:2,DSCEngine.getTokenAmountFromUsd
DA:308,2
DA:309,2
DA:311,2
DA:314,1
FN:314,DSCEngine.getAccountInformation
FNDA:1,DSCEngine.getAccountInformation
DA:315,1
FNF:20
FNH:7
LF:92
LH:35
BRF:10
BRH:2
end_of_record
TN:
SF:src/DecentralizedStableCoin.sol
DA:48,0
FN:48,DecentralizedStableCoin.burn
FNDA:0,DecentralizedStableCoin.burn
DA:49,0
DA:50,0
BRDA:50,0,0,-
DA:51,0
DA:53,0
BRDA:53,1,0,-
DA:54,0
DA:56,0
DA:59,0
FN:59,DecentralizedStableCoin.mint
FNDA:0,DecentralizedStableCoin.mint
DA:60,0
BRDA:60,2,0,-
DA:61,0
DA:63,0
BRDA:63,3,0,-
DA:64,0
DA:66,0
DA:67,0
FNF:2
FNH:0
LF:14
LH:0
BRF:4
BRH:0
end_of_record
TN:
SF:test/mocks/MockV3Aggregator.sol
DA:24,12
FN:24,MockV3Aggregator.constructor
FNDA:12,MockV3Aggregator.constructor
DA:25,12
DA:26,12
DA:29,12
FN:29,MockV3Aggregator.updateAnswer
FNDA:12,MockV3Aggregator.updateAnswer
DA:30,12
DA:31,12
DA:32,12
DA:33,12
DA:34,12
DA:35,12
DA:38,0
FN:38,MockV3Aggregator.updateRoundData
FNDA:0,MockV3Aggregator.updateRoundData
DA:39,0
DA:40,0
DA:41,0
DA:42,0
DA:43,0
DA:44,0
DA:47,0
FN:47,MockV3Aggregator.getRoundData
FNDA:0,MockV3Aggregator.getRoundData
DA:52,0
DA:55,5
FN:55,MockV3Aggregator.latestRoundData
FNDA:5,MockV3Aggregator.latestRoundData
DA:60,5
DA:69,0
FN:69,MockV3Aggregator.description
FNDA:0,MockV3Aggregator.description
DA:70,0
FNF:6
FNH:3
LF:23
LH:12
BRF:0
BRH:0
end_of_record
